<?xml version="1.0" encoding="UTF-8"?>
<<<<<<< HEAD
<<<<<<< Updated upstream
<testsuite xmlns:xsi="http://www.w3.org/2001/XMLSchema-instance" xsi:noNamespaceSchemaLocation="https://maven.apache.org/surefire/maven-surefire-plugin/xsd/surefire-test-report-3.0.xsd" version="3.0" name="edu.eci.cvds.tdd.library.LibraryTest" time="0.087" tests="8" errors="0" skipped="0" failures="0">
=======
<testsuite xmlns:xsi="http://www.w3.org/2001/XMLSchema-instance" xsi:noNamespaceSchemaLocation="https://maven.apache.org/surefire/maven-surefire-plugin/xsd/surefire-test-report-3.0.xsd" version="3.0" name="edu.eci.cvds.tdd.library.LibraryTest" time="0.074" tests="9" errors="0" skipped="0" failures="0">
>>>>>>> Stashed changes
=======
<testsuite xmlns:xsi="http://www.w3.org/2001/XMLSchema-instance" xsi:noNamespaceSchemaLocation="https://maven.apache.org/surefire/maven-surefire-plugin/xsd/surefire-test-report-3.0.xsd" version="3.0" name="edu.eci.cvds.tdd.library.LibraryTest" time="0.061" tests="8" errors="0" skipped="0" failures="0">
>>>>>>> 864f23f38e2e30cd3a5782c01dd02d1b53835a76
  <properties>
    <property name="java.specification.version" value="17"/>
    <property name="sun.cpu.isalist" value="amd64"/>
    <property name="sun.jnu.encoding" value="Cp1252"/>
    <property name="java.class.path" value="C:\Users\User\Desktop\CVDS\LAB03\Library\target\test-classes;C:\Users\User\Desktop\CVDS\LAB03\Library\target\classes;C:\Users\User\.m2\repository\org\junit\jupiter\junit-jupiter-api\5.8.1\junit-jupiter-api-5.8.1.jar;C:\Users\User\.m2\repository\org\opentest4j\opentest4j\1.2.0\opentest4j-1.2.0.jar;C:\Users\User\.m2\repository\org\junit\platform\junit-platform-commons\1.8.1\junit-platform-commons-1.8.1.jar;C:\Users\User\.m2\repository\org\apiguardian\apiguardian-api\1.1.2\apiguardian-api-1.1.2.jar;C:\Users\User\.m2\repository\org\junit\jupiter\junit-jupiter-engine\5.8.1\junit-jupiter-engine-5.8.1.jar;C:\Users\User\.m2\repository\org\junit\platform\junit-platform-engine\1.8.1\junit-platform-engine-1.8.1.jar;"/>
    <property name="java.vm.vendor" value="Oracle Corporation"/>
    <property name="sun.arch.data.model" value="64"/>
    <property name="user.variant" value=""/>
    <property name="java.vendor.url" value="https://java.oracle.com/"/>
    <property name="user.timezone" value="America/Bogota"/>
    <property name="os.name" value="Windows 11"/>
    <property name="java.vm.specification.version" value="17"/>
    <property name="sun.java.launcher" value="SUN_STANDARD"/>
    <property name="user.country" value="CO"/>
    <property name="sun.boot.library.path" value="C:\Program Files\Java\jdk-17\bin"/>
<<<<<<< HEAD
<<<<<<< Updated upstream
    <property name="sun.java.command" value="C:\Users\User\AppData\Local\Temp\surefire18396604277903718675\surefirebooter-20250212155107646_3.jar C:\Users\User\AppData\Local\Temp\surefire18396604277903718675 2025-02-12T15-51-07_489-jvmRun1 surefire-20250212155107646_1tmp surefire_0-20250212155107646_2tmp"/>
=======
    <property name="sun.java.command" value="C:\Users\User\AppData\Local\Temp\surefire3920870393813429374\surefirebooter-20250212154503940_3.jar C:\Users\User\AppData\Local\Temp\surefire3920870393813429374 2025-02-12T15-45-03_843-jvmRun1 surefire-20250212154503940_1tmp surefire_0-20250212154503940_2tmp"/>
>>>>>>> Stashed changes
=======
    <property name="sun.java.command" value="C:\Users\User\AppData\Local\Temp\surefire6489927445154926600\surefirebooter-20250211224620460_3.jar C:\Users\User\AppData\Local\Temp\surefire6489927445154926600 2025-02-11T22-46-20_345-jvmRun1 surefire-20250211224620460_1tmp surefire_0-20250211224620460_2tmp"/>
>>>>>>> 864f23f38e2e30cd3a5782c01dd02d1b53835a76
    <property name="jdk.debug" value="release"/>
    <property name="surefire.test.class.path" value="C:\Users\User\Desktop\CVDS\LAB03\Library\target\test-classes;C:\Users\User\Desktop\CVDS\LAB03\Library\target\classes;C:\Users\User\.m2\repository\org\junit\jupiter\junit-jupiter-api\5.8.1\junit-jupiter-api-5.8.1.jar;C:\Users\User\.m2\repository\org\opentest4j\opentest4j\1.2.0\opentest4j-1.2.0.jar;C:\Users\User\.m2\repository\org\junit\platform\junit-platform-commons\1.8.1\junit-platform-commons-1.8.1.jar;C:\Users\User\.m2\repository\org\apiguardian\apiguardian-api\1.1.2\apiguardian-api-1.1.2.jar;C:\Users\User\.m2\repository\org\junit\jupiter\junit-jupiter-engine\5.8.1\junit-jupiter-engine-5.8.1.jar;C:\Users\User\.m2\repository\org\junit\platform\junit-platform-engine\1.8.1\junit-platform-engine-1.8.1.jar;"/>
    <property name="sun.cpu.endian" value="little"/>
    <property name="user.home" value="C:\Users\User"/>
    <property name="user.language" value="es"/>
    <property name="java.specification.vendor" value="Oracle Corporation"/>
    <property name="java.version.date" value="2024-07-16"/>
    <property name="java.home" value="C:\Program Files\Java\jdk-17"/>
    <property name="file.separator" value="\"/>
    <property name="basedir" value="C:\Users\User\Desktop\CVDS\LAB03\Library"/>
    <property name="java.vm.compressedOopsMode" value="Zero based"/>
    <property name="line.separator" value="&#10;"/>
    <property name="java.vm.specification.vendor" value="Oracle Corporation"/>
    <property name="java.specification.name" value="Java Platform API Specification"/>
<<<<<<< HEAD
<<<<<<< Updated upstream
    <property name="surefire.real.class.path" value="C:\Users\User\AppData\Local\Temp\surefire18396604277903718675\surefirebooter-20250212155107646_3.jar"/>
=======
    <property name="surefire.real.class.path" value="C:\Users\User\AppData\Local\Temp\surefire3920870393813429374\surefirebooter-20250212154503940_3.jar"/>
>>>>>>> Stashed changes
=======
    <property name="surefire.real.class.path" value="C:\Users\User\AppData\Local\Temp\surefire6489927445154926600\surefirebooter-20250211224620460_3.jar"/>
>>>>>>> 864f23f38e2e30cd3a5782c01dd02d1b53835a76
    <property name="user.script" value=""/>
    <property name="sun.management.compiler" value="HotSpot 64-Bit Tiered Compilers"/>
    <property name="java.runtime.version" value="17.0.12+8-LTS-286"/>
    <property name="user.name" value="User"/>
    <property name="path.separator" value=";"/>
    <property name="os.version" value="10.0"/>
    <property name="java.runtime.name" value="Java(TM) SE Runtime Environment"/>
    <property name="file.encoding" value="Cp1252"/>
    <property name="java.vm.name" value="Java HotSpot(TM) 64-Bit Server VM"/>
    <property name="localRepository" value="C:\Users\User\.m2\repository"/>
    <property name="java.vendor.url.bug" value="https://bugreport.java.com/bugreport/"/>
    <property name="java.io.tmpdir" value="C:\Users\User\AppData\Local\Temp\"/>
<<<<<<< HEAD
    <property name="sonar.token" value="squ_0f2316bd99a45e8c55ea854175769853619eae81"/>
=======
>>>>>>> 864f23f38e2e30cd3a5782c01dd02d1b53835a76
    <property name="java.version" value="17.0.12"/>
    <property name="user.dir" value="C:\Users\User\Desktop\CVDS\LAB03\Library"/>
    <property name="os.arch" value="amd64"/>
    <property name="java.vm.specification.name" value="Java Virtual Machine Specification"/>
    <property name="sun.os.patch.level" value=""/>
    <property name="native.encoding" value="Cp1252"/>
<<<<<<< HEAD
    <property name="java.library.path" value="C:\Program Files\Java\jdk-17\bin;C:\WINDOWS\Sun\Java\bin;C:\WINDOWS\system32;C:\WINDOWS;C:\Program Files\Common Files\Oracle\Java\javapath;C:\Program Files (x86)\Common Files\Oracle\Java\java8path;C:\Program Files (x86)\Common Files\Oracle\Java\javapath;D:\ORCL\dbhomeXE\bin;C:\WINDOWS\system32;C:\WINDOWS;C:\WINDOWS\System32\Wbem;C:\WINDOWS\System32\WindowsPowerShell\v1.0\;C:\WINDOWS\System32\OpenSSH\;C:\Program Files\Crucial\Crucial Storage Executive;C:\Program Files\dotnet\;D:\Git\cmd;C:\Users\User\Downloads\apache-maven-3.9.9-bin\apache-maven-3.9.9\bin;C:\Program Files\Java\jdk-23\bin;;C:\Program Files\Docker\Docker\resources\bin;C:\Users\User\AppData\Local\Programs\Python\Python313\Scripts\;C:\Users\User\AppData\Local\Programs\Python\Python313\;C:\Users\User\AppData\Local\Programs\Python\Launcher\;C:\Users\User\AppData\Local\Microsoft\WindowsApps;C:\Users\User\.dotnet\tools;C:\Users\User\AppData\Local\Programs\Microsoft VS Code\bin;C:\Users\User\AppData\Local\Muse Hub\lib;."/>
=======
    <property name="java.library.path" value="C:\Program Files\Java\jdk-17\bin;C:\WINDOWS\Sun\Java\bin;C:\WINDOWS\system32;C:\WINDOWS;C:\Program Files\Common Files\Oracle\Java\javapath;C:\Program Files (x86)\Common Files\Oracle\Java\java8path;C:\Program Files (x86)\Common Files\Oracle\Java\javapath;D:\ORCL\dbhomeXE\bin;C:\WINDOWS\system32;C:\WINDOWS;C:\WINDOWS\System32\Wbem;C:\WINDOWS\System32\WindowsPowerShell\v1.0\;C:\WINDOWS\System32\OpenSSH\;C:\Program Files\Crucial\Crucial Storage Executive;C:\Program Files\dotnet\;D:\Git\cmd;C:\Users\User\Downloads\apache-maven-3.9.9-bin\apache-maven-3.9.9\bin;C:\Program Files\Java\jdk-23\bin;C:\Users\User\AppData\Local\Programs\Python\Python313\Scripts\;C:\Users\User\AppData\Local\Programs\Python\Python313\;C:\Users\User\AppData\Local\Programs\Python\Launcher\;C:\Users\User\AppData\Local\Microsoft\WindowsApps;C:\Users\User\.dotnet\tools;C:\Users\User\AppData\Local\Programs\Microsoft VS Code\bin;C:\Users\User\AppData\Local\Muse Hub\lib;."/>
>>>>>>> 864f23f38e2e30cd3a5782c01dd02d1b53835a76
    <property name="java.vm.info" value="mixed mode, sharing"/>
    <property name="java.vendor" value="Oracle Corporation"/>
    <property name="java.vm.version" value="17.0.12+8-LTS-286"/>
    <property name="sun.io.unicode.encoding" value="UnicodeLittle"/>
    <property name="java.class.version" value="61.0"/>
  </properties>
<<<<<<< HEAD
  <testcase name="testLoanBookAlreadyLoanedByUser" classname="edu.eci.cvds.tdd.library.LibraryTest" time="0.036"/>
  <testcase name="testLoanBookUserNotFound" classname="edu.eci.cvds.tdd.library.LibraryTest" time="0.001"/>
  <testcase name="testAddNewBookSuccessfully" classname="edu.eci.cvds.tdd.library.LibraryTest" time="0.002"/>
  <testcase name="testAddExistingBookIncreasesCount" classname="edu.eci.cvds.tdd.library.LibraryTest" time="0.0"/>
<<<<<<< Updated upstream
  <testcase name="testLoanABookSuccessfully" classname="edu.eci.cvds.tdd.library.LibraryTest" time="0.005"/>
  <testcase name="testAddNullBookReturnsFalse" classname="edu.eci.cvds.tdd.library.LibraryTest" time="0.002"/>
  <testcase name="testReturnLoanShouldntReturnNonExistentLoan" classname="edu.eci.cvds.tdd.library.LibraryTest" time="0.0"/>
=======
  <testcase name="testLoanABookSuccessfully" classname="edu.eci.cvds.tdd.library.LibraryTest" time="0.003"/>
  <testcase name="testAddNullBookReturnsFalse" classname="edu.eci.cvds.tdd.library.LibraryTest" time="0.002"/>
  <testcase name="testReturnLoanShouldntReturnNonExistentLoan" classname="edu.eci.cvds.tdd.library.LibraryTest" time="0.001"/>
  <testcase name="testLoanBookShouldntAllowMultipleLoansForSameUserAndBook" classname="edu.eci.cvds.tdd.library.LibraryTest" time="0.0"/>
>>>>>>> Stashed changes
=======
  <testcase name="testLoanBookAlreadyLoanedByUser" classname="edu.eci.cvds.tdd.library.LibraryTest" time="0.026"/>
  <testcase name="testLoanBookUserNotFound" classname="edu.eci.cvds.tdd.library.LibraryTest" time="0.001"/>
  <testcase name="testAddNewBookSuccessfully" classname="edu.eci.cvds.tdd.library.LibraryTest" time="0.002"/>
  <testcase name="testAddExistingBookIncreasesCount" classname="edu.eci.cvds.tdd.library.LibraryTest" time="0.001"/>
  <testcase name="testLoanABookSuccessfully" classname="edu.eci.cvds.tdd.library.LibraryTest" time="0.003"/>
  <testcase name="testAddNullBookReturnsFalse" classname="edu.eci.cvds.tdd.library.LibraryTest" time="0.001"/>
  <testcase name="testReturnLoanShouldntReturnNonExistentLoan" classname="edu.eci.cvds.tdd.library.LibraryTest" time="0.001"/>
>>>>>>> 864f23f38e2e30cd3a5782c01dd02d1b53835a76
  <testcase name="testReturnLoanShouldReturnLoanSuccessfully" classname="edu.eci.cvds.tdd.library.LibraryTest" time="0.001"/>
</testsuite>